INFO [01-16|15:29:33.493] Bumping default cache on mainnet         provided=1024 updated=4096
INFO [01-16|15:29:33.495] Maximum peer count                       ETH=50 LES=0 total=50
INFO [01-16|15:29:33.580] Starting peer-to-peer node               instance=Geth/v1.9.9-stable/darwin-amd64/go1.13.6
INFO [01-16|15:29:33.580] Allocated trie memory caches             clean=1024.00MiB dirty=1024.00MiB
INFO [01-16|15:29:33.580] Allocated cache and file handles         database=/Users/brandonluong/ethereum/blockchain/geth/chaindata cache=2.00GiB handles=5120
INFO [01-16|15:29:33.667] Opened ancient database                  database=/Users/brandonluong/ethereum/blockchain/geth/chaindata/ancient
INFO [01-16|15:29:33.667] Initialised chain configuration          config="{ChainID: 21 Homestead: 0 DAO: <nil> DAOSupport: false EIP150: 0 EIP155: 0 EIP158: 0 Byzantium: <nil> Constantinople: <nil> Petersburg: <nil> Istanbul: <nil>, Muir Glacier: <nil>, Engine: unknown}"
INFO [01-16|15:29:33.667] Disk storage enabled for ethash caches   dir=/Users/brandonluong/ethereum/blockchain/geth/ethash count=3
INFO [01-16|15:29:33.667] Disk storage enabled for ethash DAGs     dir=/Users/brandonluong/Library/Ethash count=2
INFO [01-16|15:29:33.667] Initialising Ethereum protocol           versions="[64 63]" network=1 dbversion=7
INFO [01-16|15:29:33.669] Loaded most recent local header          number=255 hash=150ac5…ce98d4 td=34623619 age=40m
INFO [01-16|15:29:33.669] Loaded most recent local full block      number=255 hash=150ac5…ce98d4 td=34623619 age=40m
INFO [01-16|15:29:33.669] Loaded most recent local fast block      number=255 hash=150ac5…ce98d4 td=34623619 age=40m
INFO [01-16|15:29:33.669] Loaded local transaction journal         transactions=0 dropped=0
INFO [01-16|15:29:33.669] Regenerated local transaction journal    transactions=0 accounts=0
WARN [01-16|15:29:33.669] Switch sync mode from fast sync to full sync 
INFO [01-16|15:29:33.721] New local node record                    seq=14 id=c4da99cc179921e4 ip=127.0.0.1 udp=0 tcp=30303
INFO [01-16|15:29:33.721] Started P2P networking                   self="enode://c6ef1b72c1c26e4453998138408028c922d01c67ed7d5c5b5a9479b04fe44a44723fadef574d48ceaeb605ff4f54d71ca3945c8d050a742616fb015211187541@127.0.0.1:30303?discport=0"
INFO [01-16|15:29:33.722] IPC endpoint opened                      url=/Users/brandonluong/ethereum/blockchain/geth.ipc
INFO [01-16|15:29:33.723] HTTP endpoint opened                     url=http://127.0.0.1:8545 cors=* vhosts=localhost
INFO [01-16|15:29:33.798] Etherbase automatically configured       address=0x37992dD7C667E8F62b08E1Fa9eeebBEDF8932223
WARN [01-16|15:30:07.972] Served personal_unlockAccount            reqid=10 t=63.803µs err="account unlock with HTTP access is forbidden"
WARN [01-16|15:30:11.651] Served personal_unlockAccount            reqid=12 t=39.068µs err="account unlock with HTTP access is forbidden"
INFO [01-16|15:30:22.563] HTTP endpoint closed                     url=http://127.0.0.1:8545
INFO [01-16|15:30:22.563] IPC endpoint closed                      url=/Users/brandonluong/ethereum/blockchain/geth.ipc
INFO [01-16|15:30:22.563] Writing cached state to disk             block=255 hash=150ac5…ce98d4 root=d72ee8…fd79fa
INFO [01-16|15:30:22.563] Persisted trie from memory database      nodes=0 size=0.00B time=4.844µs gcnodes=0 gcsize=0.00B gctime=0s livenodes=1 livesize=0.00B
INFO [01-16|15:30:22.563] Writing cached state to disk             block=254 hash=6046e7…1fd678 root=4360c6…72fee0
INFO [01-16|15:30:22.563] Persisted trie from memory database      nodes=0 size=0.00B time=1.305µs gcnodes=0 gcsize=0.00B gctime=0s livenodes=1 livesize=0.00B
INFO [01-16|15:30:22.563] Writing cached state to disk             block=128 hash=acbab4…916487 root=c3c12a…3fdc95
INFO [01-16|15:30:22.563] Persisted trie from memory database      nodes=0 size=0.00B time=3.89µs  gcnodes=0 gcsize=0.00B gctime=0s livenodes=1 livesize=0.00B
